<?xml version="1.0" encoding="UTF-8"?>
<!-- Generated by org.testng.reporters.JUnitXMLReporter -->
<testsuite hostname="Sais-MacBook-Pro.local" ignored="0" name="Default test" tests="2" failures="0" timestamp="06 Apr 2018 01:26:44 GMT" time="46.275" errors="0">
  <testcase name="@BeforeTest setup" time="46.073" classname="testcases.TestLogin">
    <failure type="org.openqa.selenium.WebDriverException" message="Failed to connect to binary FirefoxBinary(/Applications/Firefox.app/Contents/MacOS/firefox-bin) on port 7055; process output follows: 
llowonsearch@mozilla.com to /Applications/Firefox.app/Contents/Resources/browser/features/followonsearch@mozilla.com.xpi
1522977961922	addons.xpi	INFO	Mapping formautofill@mozilla.org to /Applications/Firefox.app/Contents/Resources/browser/features/formautofill@mozilla.org.xpi
1522977961924	addons.xpi	INFO	Mapping onboarding@mozilla.org to /Applications/Firefox.app/Contents/Resources/browser/features/onboarding@mozilla.org.xpi
1522977961924	addons.xpi	INFO	Mapping screenshots@mozilla.org to /Applications/Firefox.app/Contents/Resources/browser/features/screenshots@mozilla.org.xpi
1522977961924	addons.xpi	INFO	Mapping shield-recipe-client@mozilla.org to /Applications/Firefox.app/Contents/Resources/browser/features/shield-recipe-client@mozilla.org.xpi
1522977961924	addons.xpi	INFO	Mapping webcompat@mozilla.org to /Applications/Firefox.app/Contents/Resources/browser/features/webcompat@mozilla.org.xpi
1522977961924	addons.xpi	DEBUG	Existing add-on activity-stream@mozilla.org in app-system-defaults
1522977961924	addons.xpi	DEBUG	Existing add-on aushelper@mozilla.org in app-system-defaults
1522977961924	addons.xpi	DEBUG	Existing add-on firefox@getpocket.com in app-system-defaults
1522977961924	addons.xpi	DEBUG	Existing add-on followonsearch@mozilla.com in app-system-defaults
1522977961924	addons.xpi	DEBUG	Existing add-on formautofill@mozilla.org in app-system-defaults
1522977961926	addons.xpi	DEBUG	Existing add-on onboarding@mozilla.org in app-system-defaults
1522977961926	addons.xpi	DEBUG	Existing add-on screenshots@mozilla.org in app-system-defaults
1522977961926	addons.xpi	DEBUG	Existing add-on shield-recipe-client@mozilla.org in app-system-defaults
1522977961926	addons.xpi	DEBUG	Existing add-on webcompat@mozilla.org in app-system-defaults
1522977961926	addons.xpi	INFO	Mapping {972ce4c6-7e08-4474-a285-3208198ce6fd} to /Applications/Firefox.app/Contents/Resources/browser/extensions/{972ce4c6-7e08-4474-a285-3208198ce6fd}.xpi
1522977961928	addons.xpi	DEBUG	Existing add-on {972ce4c6-7e08-4474-a285-3208198ce6fd} in app-global
1522977961928	addons.xpi	DEBUG	getInstallState changed: false, state: {}
2018-04-05 18:26:02.276 plugin-container[6080:669663] *** CFMessagePort: bootstrap_register(): failed 1100 (0x44c) &amp;apos;Permission denied&amp;apos;, port = 0x6c3f, name = &amp;apos;com.apple.tsm.portname&amp;apos;
See /usr/include/servers/bootstrap_defs.h for the error codes.
1522978002300	addons.xpi	DEBUG	Calling bootstrap method shutdown on webcompat@mozilla.org version 1.1
1522978002300	addons.xpi	DEBUG	Calling bootstrap method shutdown on shield-recipe-client@mozilla.org version 80
1522978002302	addons.xpi	DEBUG	Calling bootstrap method shutdown on screenshots@mozilla.org version 25.0.0
1522978002312	addons.xpi	DEBUG	Calling bootstrap method shutdown on onboarding@mozilla.org version 1.0
1522978002314	addons.xpi	DEBUG	Calling bootstrap method shutdown on formautofill@mozilla.org version 1.0
1522978002314	addons.xpi	DEBUG	Calling bootstrap method shutdown on followonsearch@mozilla.com version 0.9.6
1522978002314	addons.xpi	DEBUG	Calling bootstrap method shutdown on firefox@getpocket.com version 1.0.5
1522978002314	addons.xpi	DEBUG	Calling bootstrap method shutdown on aushelper@mozilla.org version 2.0
1522978002314	addons.xpi	DEBUG	Calling bootstrap method shutdown on activity-stream@mozilla.org version 2018.02.17.0026-173e2795
1522978002482	addons.manager	DEBUG	shutdown
1522978002482	addons.manager	DEBUG	Calling shutdown blocker for XPIProvider
1522978002484	addons.xpi	DEBUG	shutdown
1522978002484	addons.xpi-utils	DEBUG	shutdown
1522978002484	addons.manager	DEBUG	Calling shutdown blocker for LightweightThemeManager
1522978002484	addons.manager	DEBUG	Calling shutdown blocker for GMPProvider
1522978002484	addons.manager	DEBUG	Calling shutdown blocker for PluginProvider
1522978002484	addons.manager	DEBUG	Calling shutdown blocker for PreviousExperimentProvider
1522978002492	addons.manager	DEBUG	Async provider shutdown done
*** UTM:SVC TimerManager:registerTimer called after profile-before-change notification. Ignoring timer registration for id: telemetry_modules_ping

Build info: version: &amp;apos;2.53.0&amp;apos;, revision: &amp;apos;35ae25b1534ae328c771e0856c93e187490ca824&amp;apos;, time: &amp;apos;2016-03-15 10:43:46&amp;apos;
System info: host: &amp;apos;Sais-MacBook-Pro.local&amp;apos;, ip: &amp;apos;10.1.10.183&amp;apos;, os.name: &amp;apos;Mac OS X&amp;apos;, os.arch: &amp;apos;x86_64&amp;apos;, os.version: &amp;apos;10.13.3&amp;apos;, java.version: &amp;apos;1.8.0_161&amp;apos;
Driver info: driver.version: FirefoxDriver">
      <![CDATA[org.openqa.selenium.WebDriverException: Failed to connect to binary FirefoxBinary(/Applications/Firefox.app/Contents/MacOS/firefox-bin) on port 7055; process output follows: 
llowonsearch@mozilla.com to /Applications/Firefox.app/Contents/Resources/browser/features/followonsearch@mozilla.com.xpi
1522977961922addons.xpiINFOMapping formautofill@mozilla.org to /Applications/Firefox.app/Contents/Resources/browser/features/formautofill@mozilla.org.xpi
1522977961924addons.xpiINFOMapping onboarding@mozilla.org to /Applications/Firefox.app/Contents/Resources/browser/features/onboarding@mozilla.org.xpi
1522977961924addons.xpiINFOMapping screenshots@mozilla.org to /Applications/Firefox.app/Contents/Resources/browser/features/screenshots@mozilla.org.xpi
1522977961924addons.xpiINFOMapping shield-recipe-client@mozilla.org to /Applications/Firefox.app/Contents/Resources/browser/features/shield-recipe-client@mozilla.org.xpi
1522977961924addons.xpiINFOMapping webcompat@mozilla.org to /Applications/Firefox.app/Contents/Resources/browser/features/webcompat@mozilla.org.xpi
1522977961924addons.xpiDEBUGExisting add-on activity-stream@mozilla.org in app-system-defaults
1522977961924addons.xpiDEBUGExisting add-on aushelper@mozilla.org in app-system-defaults
1522977961924addons.xpiDEBUGExisting add-on firefox@getpocket.com in app-system-defaults
1522977961924addons.xpiDEBUGExisting add-on followonsearch@mozilla.com in app-system-defaults
1522977961924addons.xpiDEBUGExisting add-on formautofill@mozilla.org in app-system-defaults
1522977961926addons.xpiDEBUGExisting add-on onboarding@mozilla.org in app-system-defaults
1522977961926addons.xpiDEBUGExisting add-on screenshots@mozilla.org in app-system-defaults
1522977961926addons.xpiDEBUGExisting add-on shield-recipe-client@mozilla.org in app-system-defaults
1522977961926addons.xpiDEBUGExisting add-on webcompat@mozilla.org in app-system-defaults
1522977961926addons.xpiINFOMapping {972ce4c6-7e08-4474-a285-3208198ce6fd} to /Applications/Firefox.app/Contents/Resources/browser/extensions/{972ce4c6-7e08-4474-a285-3208198ce6fd}.xpi
1522977961928addons.xpiDEBUGExisting add-on {972ce4c6-7e08-4474-a285-3208198ce6fd} in app-global
1522977961928addons.xpiDEBUGgetInstallState changed: false, state: {}
2018-04-05 18:26:02.276 plugin-container[6080:669663] *** CFMessagePort: bootstrap_register(): failed 1100 (0x44c) 'Permission denied', port = 0x6c3f, name = 'com.apple.tsm.portname'
See /usr/include/servers/bootstrap_defs.h for the error codes.
1522978002300addons.xpiDEBUGCalling bootstrap method shutdown on webcompat@mozilla.org version 1.1
1522978002300addons.xpiDEBUGCalling bootstrap method shutdown on shield-recipe-client@mozilla.org version 80
1522978002302addons.xpiDEBUGCalling bootstrap method shutdown on screenshots@mozilla.org version 25.0.0
1522978002312addons.xpiDEBUGCalling bootstrap method shutdown on onboarding@mozilla.org version 1.0
1522978002314addons.xpiDEBUGCalling bootstrap method shutdown on formautofill@mozilla.org version 1.0
1522978002314addons.xpiDEBUGCalling bootstrap method shutdown on followonsearch@mozilla.com version 0.9.6
1522978002314addons.xpiDEBUGCalling bootstrap method shutdown on firefox@getpocket.com version 1.0.5
1522978002314addons.xpiDEBUGCalling bootstrap method shutdown on aushelper@mozilla.org version 2.0
1522978002314addons.xpiDEBUGCalling bootstrap method shutdown on activity-stream@mozilla.org version 2018.02.17.0026-173e2795
1522978002482addons.managerDEBUGshutdown
1522978002482addons.managerDEBUGCalling shutdown blocker for XPIProvider
1522978002484addons.xpiDEBUGshutdown
1522978002484addons.xpi-utilsDEBUGshutdown
1522978002484addons.managerDEBUGCalling shutdown blocker for LightweightThemeManager
1522978002484addons.managerDEBUGCalling shutdown blocker for GMPProvider
1522978002484addons.managerDEBUGCalling shutdown blocker for PluginProvider
1522978002484addons.managerDEBUGCalling shutdown blocker for PreviousExperimentProvider
1522978002492addons.managerDEBUGAsync provider shutdown done
*** UTM:SVC TimerManager:registerTimer called after profile-before-change notification. Ignoring timer registration for id: telemetry_modules_ping

Build info: version: '2.53.0', revision: '35ae25b1534ae328c771e0856c93e187490ca824', time: '2016-03-15 10:43:46'
System info: host: 'Sais-MacBook-Pro.local', ip: '10.1.10.183', os.name: 'Mac OS X', os.arch: 'x86_64', os.version: '10.13.3', java.version: '1.8.0_161'
Driver info: driver.version: FirefoxDriver
at org.openqa.selenium.firefox.internal.NewProfileExtensionConnection.start(NewProfileExtensionConnection.java:125)
at org.openqa.selenium.firefox.FirefoxDriver.startClient(FirefoxDriver.java:271)
at org.openqa.selenium.remote.RemoteWebDriver.<init>(RemoteWebDriver.java:119)
at org.openqa.selenium.firefox.FirefoxDriver.<init>(FirefoxDriver.java:216)
at org.openqa.selenium.firefox.FirefoxDriver.<init>(FirefoxDriver.java:211)
at org.openqa.selenium.firefox.FirefoxDriver.<init>(FirefoxDriver.java:207)
at org.openqa.selenium.firefox.FirefoxDriver.<init>(FirefoxDriver.java:120)
at testcases.TestLogin.setup(TestLogin.java:25)
at sun.reflect.NativeMethodAccessorImpl.invoke0(Native Method)
at sun.reflect.NativeMethodAccessorImpl.invoke(NativeMethodAccessorImpl.java:62)
at sun.reflect.DelegatingMethodAccessorImpl.invoke(DelegatingMethodAccessorImpl.java:43)
at java.lang.reflect.Method.invoke(Method.java:498)
at org.testng.internal.MethodInvocationHelper.invokeMethod(MethodInvocationHelper.java:124)
at org.testng.internal.MethodInvocationHelper.invokeMethodConsideringTimeout(MethodInvocationHelper.java:59)
at org.testng.internal.Invoker.invokeConfigurationMethod(Invoker.java:455)
at org.testng.internal.Invoker.invokeConfigurations(Invoker.java:222)
at org.testng.internal.Invoker.invokeConfigurations(Invoker.java:142)
at org.testng.TestRunner.beforeRun(TestRunner.java:529)
at org.testng.TestRunner.run(TestRunner.java:497)
at org.testng.SuiteRunner.runTest(SuiteRunner.java:455)
at org.testng.SuiteRunner.runSequentially(SuiteRunner.java:450)
at org.testng.SuiteRunner.privateRun(SuiteRunner.java:415)
at org.testng.SuiteRunner.run(SuiteRunner.java:364)
at org.testng.SuiteRunnerWorker.runSuite(SuiteRunnerWorker.java:52)
at org.testng.SuiteRunnerWorker.run(SuiteRunnerWorker.java:84)
at org.testng.TestNG.runSuitesSequentially(TestNG.java:1208)
at org.testng.TestNG.runSuitesLocally(TestNG.java:1137)
at org.testng.TestNG.runSuites(TestNG.java:1049)
at org.testng.TestNG.run(TestNG.java:1017)
at org.testng.remote.AbstractRemoteTestNG.run(AbstractRemoteTestNG.java:114)
at org.testng.remote.RemoteTestNG.initAndRun(RemoteTestNG.java:251)
at org.testng.remote.RemoteTestNG.main(RemoteTestNG.java:77)
Caused by: org.openqa.selenium.firefox.NotConnectedException: Unable to connect to host 127.0.0.1 on port 7055 after 45000 ms. Firefox console output:
llowonsearch@mozilla.com to /Applications/Firefox.app/Contents/Resources/browser/features/followonsearch@mozilla.com.xpi
1522977961922addons.xpiINFOMapping formautofill@mozilla.org to /Applications/Firefox.app/Contents/Resources/browser/features/formautofill@mozilla.org.xpi
1522977961924addons.xpiINFOMapping onboarding@mozilla.org to /Applications/Firefox.app/Contents/Resources/browser/features/onboarding@mozilla.org.xpi
1522977961924addons.xpiINFOMapping screenshots@mozilla.org to /Applications/Firefox.app/Contents/Resources/browser/features/screenshots@mozilla.org.xpi
1522977961924addons.xpiINFOMapping shield-recipe-client@mozilla.org to /Applications/Firefox.app/Contents/Resources/browser/features/shield-recipe-client@mozilla.org.xpi
1522977961924addons.xpiINFOMapping webcompat@mozilla.org to /Applications/Firefox.app/Contents/Resources/browser/features/webcompat@mozilla.org.xpi
1522977961924addons.xpiDEBUGExisting add-on activity-stream@mozilla.org in app-system-defaults
1522977961924addons.xpiDEBUGExisting add-on aushelper@mozilla.org in app-system-defaults
1522977961924addons.xpiDEBUGExisting add-on firefox@getpocket.com in app-system-defaults
1522977961924addons.xpiDEBUGExisting add-on followonsearch@mozilla.com in app-system-defaults
1522977961924addons.xpiDEBUGExisting add-on formautofill@mozilla.org in app-system-defaults
1522977961926addons.xpiDEBUGExisting add-on onboarding@mozilla.org in app-system-defaults
1522977961926addons.xpiDEBUGExisting add-on screenshots@mozilla.org in app-system-defaults
1522977961926addons.xpiDEBUGExisting add-on shield-recipe-client@mozilla.org in app-system-defaults
1522977961926addons.xpiDEBUGExisting add-on webcompat@mozilla.org in app-system-defaults
1522977961926addons.xpiINFOMapping {972ce4c6-7e08-4474-a285-3208198ce6fd} to /Applications/Firefox.app/Contents/Resources/browser/extensions/{972ce4c6-7e08-4474-a285-3208198ce6fd}.xpi
1522977961928addons.xpiDEBUGExisting add-on {972ce4c6-7e08-4474-a285-3208198ce6fd} in app-global
1522977961928addons.xpiDEBUGgetInstallState changed: false, state: {}
2018-04-05 18:26:02.276 plugin-container[6080:669663] *** CFMessagePort: bootstrap_register(): failed 1100 (0x44c) 'Permission denied', port = 0x6c3f, name = 'com.apple.tsm.portname'
See /usr/include/servers/bootstrap_defs.h for the error codes.
1522978002300addons.xpiDEBUGCalling bootstrap method shutdown on webcompat@mozilla.org version 1.1
1522978002300addons.xpiDEBUGCalling bootstrap method shutdown on shield-recipe-client@mozilla.org version 80
1522978002302addons.xpiDEBUGCalling bootstrap method shutdown on screenshots@mozilla.org version 25.0.0
1522978002312addons.xpiDEBUGCalling bootstrap method shutdown on onboarding@mozilla.org version 1.0
1522978002314addons.xpiDEBUGCalling bootstrap method shutdown on formautofill@mozilla.org version 1.0
1522978002314addons.xpiDEBUGCalling bootstrap method shutdown on followonsearch@mozilla.com version 0.9.6
1522978002314addons.xpiDEBUGCalling bootstrap method shutdown on firefox@getpocket.com version 1.0.5
1522978002314addons.xpiDEBUGCalling bootstrap method shutdown on aushelper@mozilla.org version 2.0
1522978002314addons.xpiDEBUGCalling bootstrap method shutdown on activity-stream@mozilla.org version 2018.02.17.0026-173e2795
1522978002482addons.managerDEBUGshutdown
1522978002482addons.managerDEBUGCalling shutdown blocker for XPIProvider
1522978002484addons.xpiDEBUGshutdown
1522978002484addons.xpi-utilsDEBUGshutdown
1522978002484addons.managerDEBUGCalling shutdown blocker for LightweightThemeManager
1522978002484addons.managerDEBUGCalling shutdown blocker for GMPProvider
1522978002484addons.managerDEBUGCalling shutdown blocker for PluginProvider
1522978002484addons.managerDEBUGCalling shutdown blocker for PreviousExperimentProvider
1522978002492addons.managerDEBUGAsync provider shutdown done
*** UTM:SVC TimerManager:registerTimer called after profile-before-change notification. Ignoring timer registration for id: telemetry_modules_ping

at org.openqa.selenium.firefox.internal.NewProfileExtensionConnection.start(NewProfileExtensionConnection.java:113)
... 31 more
]]>
    </failure>
  </testcase> <!-- @BeforeTest setup -->
  <testcase name="test_Home_Page_Appear_Correct" time="0.0" classname="testcases.TestLogin">
    <skipped/>
  </testcase> <!-- test_Home_Page_Appear_Correct -->
  <testcase name="Fb_SignUp" time="0.0" classname="testcases.TestLogin">
    <skipped/>
  </testcase> <!-- Fb_SignUp -->
</testsuite> <!-- Default test -->
